2024-12-29 13:14:07 INFO  TC_001_AccountRegistrationTest:15 - ***** Starting TC001_AccountRegistrationTest  ****
2024-12-29 13:14:08 INFO  TC_001_AccountRegistrationTest:20 - Clicked on MyAccount Link.. 
2024-12-29 13:14:09 INFO  TC_001_AccountRegistrationTest:22 - Clicked on Register Link.. 
2024-12-29 13:14:09 INFO  TC_001_AccountRegistrationTest:25 - Providing customer details...
2024-12-29 13:14:12 INFO  TC_001_AccountRegistrationTest:39 - Validating expected message..
2024-12-29 13:14:12 INFO  TC_001_AccountRegistrationTest:43 - Validated expected message..
2024-12-29 13:14:12 INFO  TC_001_AccountRegistrationTest:52 - ***** Finished TC001_AccountRegistrationTest *****
2024-12-29 13:14:18 INFO  TC_002_LoginTest:16 - **** Starting TC_002_LoginTest  ****
2024-12-29 13:14:18 INFO  TC_002_LoginTest:22 - clicked on myaccount link on the home page..
2024-12-29 13:14:19 INFO  TC_002_LoginTest:24 - clicked on login link under myaccount..
2024-12-29 13:14:19 INFO  TC_002_LoginTest:28 - Entering valid email and password..
2024-12-29 13:14:20 INFO  TC_002_LoginTest:32 - clicked on ligin button..
2024-12-29 13:14:20 INFO  TC_002_LoginTest:43 - **** Finished TC_002_LoginTest  ****
2024-12-29 13:45:19 INFO  TC_001_AccountRegistrationTest:15 - ***** Starting TC001_AccountRegistrationTest  ****
2024-12-29 13:45:20 INFO  TC_001_AccountRegistrationTest:20 - Clicked on MyAccount Link.. 
2024-12-29 13:45:21 INFO  TC_001_AccountRegistrationTest:22 - Clicked on Register Link.. 
2024-12-29 13:45:21 INFO  TC_001_AccountRegistrationTest:25 - Providing customer details...
2024-12-29 13:45:24 INFO  TC_001_AccountRegistrationTest:39 - Validating expected message..
2024-12-29 13:45:24 INFO  TC_001_AccountRegistrationTest:43 - Validated expected message..
2024-12-29 13:45:24 INFO  TC_001_AccountRegistrationTest:52 - ***** Finished TC001_AccountRegistrationTest *****
2024-12-29 13:45:30 INFO  TC_002_LoginTest:16 - **** Starting TC_002_LoginTest  ****
2024-12-29 13:45:30 INFO  TC_002_LoginTest:22 - clicked on myaccount link on the home page..
2024-12-29 13:45:30 INFO  TC_002_LoginTest:24 - clicked on login link under myaccount..
2024-12-29 13:45:30 INFO  TC_002_LoginTest:28 - Entering valid email and password..
2024-12-29 13:45:32 INFO  TC_002_LoginTest:32 - clicked on ligin button..
2024-12-29 13:45:32 INFO  TC_002_LoginTest:43 - **** Finished TC_002_LoginTest  ****
2024-12-29 13:47:03 INFO  TC_001_AccountRegistrationTest:15 - ***** Starting TC001_AccountRegistrationTest  ****
2024-12-29 13:47:03 INFO  TC_001_AccountRegistrationTest:20 - Clicked on MyAccount Link.. 
2024-12-29 13:47:04 INFO  TC_001_AccountRegistrationTest:22 - Clicked on Register Link.. 
2024-12-29 13:47:04 INFO  TC_001_AccountRegistrationTest:25 - Providing customer details...
2024-12-29 13:47:07 INFO  TC_001_AccountRegistrationTest:39 - Validating expected message..
2024-12-29 13:47:07 INFO  TC_001_AccountRegistrationTest:43 - Validated expected message..
2024-12-29 13:47:07 INFO  TC_001_AccountRegistrationTest:52 - ***** Finished TC001_AccountRegistrationTest *****
2024-12-29 13:47:13 INFO  TC_002_LoginTest:16 - **** Starting TC_002_LoginTest  ****
2024-12-29 13:47:14 INFO  TC_002_LoginTest:22 - clicked on myaccount link on the home page..
2024-12-29 13:47:15 INFO  TC_002_LoginTest:24 - clicked on login link under myaccount..
2024-12-29 13:47:15 INFO  TC_002_LoginTest:28 - Entering valid email and password..
2024-12-29 13:47:16 INFO  TC_002_LoginTest:32 - clicked on ligin button..
2024-12-29 13:47:16 INFO  TC_002_LoginTest:43 - **** Finished TC_002_LoginTest  ****
2024-12-29 13:50:52 INFO  TC_001_AccountRegistrationTest:15 - ***** Starting TC001_AccountRegistrationTest  ****
2024-12-29 13:50:53 INFO  TC_001_AccountRegistrationTest:20 - Clicked on MyAccount Link.. 
2024-12-29 13:50:55 INFO  TC_001_AccountRegistrationTest:22 - Clicked on Register Link.. 
2024-12-29 13:50:55 INFO  TC_001_AccountRegistrationTest:25 - Providing customer details...
2024-12-29 13:50:57 INFO  TC_001_AccountRegistrationTest:39 - Validating expected message..
2024-12-29 13:50:57 INFO  TC_001_AccountRegistrationTest:43 - Validated expected message..
2024-12-29 13:50:57 INFO  TC_001_AccountRegistrationTest:52 - ***** Finished TC001_AccountRegistrationTest *****
2024-12-29 13:51:02 INFO  TC_002_LoginTest:16 - **** Starting TC_002_LoginTest  ****
2024-12-29 13:51:03 INFO  TC_002_LoginTest:22 - clicked on myaccount link on the home page..
2024-12-29 13:51:03 INFO  TC_002_LoginTest:24 - clicked on login link under myaccount..
2024-12-29 13:51:03 INFO  TC_002_LoginTest:28 - Entering valid email and password..
2024-12-29 13:51:05 INFO  TC_002_LoginTest:32 - clicked on ligin button..
2024-12-29 13:51:05 INFO  TC_002_LoginTest:43 - **** Finished TC_002_LoginTest  ****
2024-12-29 13:52:13 INFO  TC_001_AccountRegistrationTest:15 - ***** Starting TC001_AccountRegistrationTest  ****
2024-12-29 13:52:14 INFO  TC_001_AccountRegistrationTest:20 - Clicked on MyAccount Link.. 
2024-12-29 13:52:15 INFO  TC_001_AccountRegistrationTest:22 - Clicked on Register Link.. 
2024-12-29 13:52:15 INFO  TC_001_AccountRegistrationTest:25 - Providing customer details...
2024-12-29 13:52:19 INFO  TC_001_AccountRegistrationTest:39 - Validating expected message..
2024-12-29 13:52:19 INFO  TC_001_AccountRegistrationTest:43 - Validated expected message..
2024-12-29 13:52:19 INFO  TC_001_AccountRegistrationTest:52 - ***** Finished TC001_AccountRegistrationTest *****
2024-12-29 13:52:24 INFO  TC_002_LoginTest:16 - **** Starting TC_002_LoginTest  ****
2024-12-29 13:52:25 INFO  TC_002_LoginTest:22 - clicked on myaccount link on the home page..
2024-12-29 13:52:26 INFO  TC_002_LoginTest:24 - clicked on login link under myaccount..
2024-12-29 13:52:26 INFO  TC_002_LoginTest:28 - Entering valid email and password..
2024-12-29 13:52:27 INFO  TC_002_LoginTest:32 - clicked on ligin button..
2024-12-29 13:52:27 INFO  TC_002_LoginTest:43 - **** Finished TC_002_LoginTest  ****
2024-12-29 13:52:37 INFO  TC_003_LoginDDT:18 - **** Starting TC_003_LoginDDT  ****
2024-12-29 13:52:37 INFO  TC_003_LoginDDT:24 - clicked on myaccount link on the home page..
2024-12-29 13:52:37 INFO  TC_003_LoginDDT:26 - clicked on login link under myaccount..
2024-12-29 13:52:37 INFO  TC_003_LoginDDT:30 - Entering valid email and password..
2024-12-29 13:52:39 INFO  TC_003_LoginDDT:34 - clicked on ligin button..
2024-12-29 13:52:49 INFO  TC_003_LoginDDT:77 - **** Finished TC_003_LoginDDT *****
2024-12-29 13:52:49 INFO  TC_003_LoginDDT:18 - **** Starting TC_003_LoginDDT  ****
2024-12-29 13:52:49 INFO  TC_003_LoginDDT:24 - clicked on myaccount link on the home page..
2024-12-29 13:52:49 INFO  TC_003_LoginDDT:26 - clicked on login link under myaccount..
2024-12-29 13:52:49 INFO  TC_003_LoginDDT:30 - Entering valid email and password..
2024-12-29 13:52:51 INFO  TC_003_LoginDDT:34 - clicked on ligin button..
2024-12-29 13:52:52 INFO  TC_003_LoginDDT:18 - **** Starting TC_003_LoginDDT  ****
2024-12-29 13:52:52 INFO  TC_003_LoginDDT:24 - clicked on myaccount link on the home page..
2024-12-29 13:52:52 INFO  TC_003_LoginDDT:26 - clicked on login link under myaccount..
2024-12-29 13:52:52 INFO  TC_003_LoginDDT:30 - Entering valid email and password..
2024-12-29 13:52:54 INFO  TC_003_LoginDDT:34 - clicked on ligin button..
2024-12-29 13:52:55 INFO  TC_003_LoginDDT:18 - **** Starting TC_003_LoginDDT  ****
2024-12-29 13:52:55 INFO  TC_003_LoginDDT:24 - clicked on myaccount link on the home page..
2024-12-29 13:52:56 INFO  TC_003_LoginDDT:26 - clicked on login link under myaccount..
2024-12-29 13:52:56 INFO  TC_003_LoginDDT:30 - Entering valid email and password..
2024-12-29 13:52:57 INFO  TC_003_LoginDDT:34 - clicked on ligin button..
2024-12-29 13:53:07 INFO  TC_003_LoginDDT:77 - **** Finished TC_003_LoginDDT *****
2024-12-29 13:53:07 INFO  TC_003_LoginDDT:18 - **** Starting TC_003_LoginDDT  ****
2024-12-29 13:53:08 INFO  TC_003_LoginDDT:24 - clicked on myaccount link on the home page..
2024-12-29 13:53:08 INFO  TC_003_LoginDDT:26 - clicked on login link under myaccount..
2024-12-29 13:53:08 INFO  TC_003_LoginDDT:30 - Entering valid email and password..
2024-12-29 13:53:10 INFO  TC_003_LoginDDT:34 - clicked on ligin button..
2024-12-29 13:53:11 INFO  TC_003_LoginDDT:77 - **** Finished TC_003_LoginDDT *****
2024-12-29 13:53:11 INFO  TC_003_LoginDDT:18 - **** Starting TC_003_LoginDDT  ****
2024-12-29 13:53:11 INFO  TC_003_LoginDDT:24 - clicked on myaccount link on the home page..
2024-12-29 13:53:11 INFO  TC_003_LoginDDT:26 - clicked on login link under myaccount..
2024-12-29 13:53:11 INFO  TC_003_LoginDDT:30 - Entering valid email and password..
2024-12-29 13:53:13 INFO  TC_003_LoginDDT:34 - clicked on ligin button..
2024-12-29 13:53:14 INFO  TC_003_LoginDDT:77 - **** Finished TC_003_LoginDDT *****
